https://twitter.com/i/search/timeline?vertical=default&src=unkn&include_available_features=1&include_entities=1&max_position=-1&reset_error_state=false&f=tweets&q=%20peru%20since%3A"2020-05-31"
https://twitter.com/i/search/timeline?vertical=default&src=unkn&include_available_features=1&include_entities=1&max_position=thGAVUV0VFVBaEgLqN6LH9lSMWhoC10fPA_ZUjEjUAFQAlAFUAFQAA&reset_error_state=false&f=tweets&q=%20peru%20since%3A"2020-05-31"
https://twitter.com/i/search/timeline?vertical=default&src=unkn&include_available_features=1&include_entities=1&max_position=thGAVUV0VFVBaAgKOZ76X9lSMWhoC10fPA_ZUjEjUAFQAlAFUAFQAA&reset_error_state=false&f=tweets&q=%20peru%20since%3A"2020-05-31"
https://twitter.com/i/search/timeline?vertical=default&src=unkn&include_available_features=1&include_entities=1&max_position=thGAVUV0VFVBaCgLW9-5r9lSMWhoC10fPA_ZUjEjUAFQAlAFUAFQAA&reset_error_state=false&f=tweets&q=%20peru%20since%3A"2020-05-31"
https://twitter.com/i/search/timeline?vertical=default&src=unkn&include_available_features=1&include_entities=1&max_position=thGAVUV0VFVBaCgLXFgo_9lSMWhoC10fPA_ZUjEjUAFQAlAFUAFQAA&reset_error_state=false&f=tweets&q=%20peru%20since%3A"2020-05-31"
https://twitter.com/i/search/timeline?vertical=default&src=unkn&include_available_features=1&include_entities=1&max_position=thGAVUV0VFVBaAgLzhqYL9lSMWhoC10fPA_ZUjEjUAFQAlAFUAFQAA&reset_error_state=false&f=tweets&q=%20peru%20since%3A"2020-05-31"
https://twitter.com/i/search/timeline?vertical=default&src=unkn&include_available_features=1&include_entities=1&max_position=thGAVUV0VFVBaAgLrt7fj8lSMWhoC10fPA_ZUjEjUAFQAlAFUAFQAA&reset_error_state=false&f=tweets&q=%20peru%20since%3A"2020-05-31"
https://twitter.com/i/search/timeline?vertical=default&src=unkn&include_available_features=1&include_entities=1&max_position=thGAVUV0VFVBaAgLv5l_D8lSMWhoC10fPA_ZUjEjUAFQAlAFUAFQAA&reset_error_state=false&f=tweets&q=%20peru%20since%3A"2020-05-31"
https://twitter.com/i/search/timeline?vertical=default&src=unkn&include_available_features=1&include_entities=1&max_position=thGAVUV0VFVBaEwLzlsN78lSMWhoC10fPA_ZUjEjUAFQAlAFUAFQAA&reset_error_state=false&f=tweets&q=%20peru%20since%3A"2020-05-31"
https://twitter.com/i/search/timeline?vertical=default&src=unkn&include_available_features=1&include_entities=1&max_position=thGAVUV0VFVBaCwLWlgtH8lSMWhoC10fPA_ZUjEjUAFQAlAFUAFQAA&reset_error_state=false&f=tweets&q=%20peru%20since%3A"2020-05-31"
https://twitter.com/i/search/timeline?vertical=default&src=unkn&include_available_features=1&include_entities=1&max_position=thGAVUV0VFVBaCwL69ucX8lSMWhoC10fPA_ZUjEjUAFQAlAFUAFQAA&reset_error_state=false&f=tweets&q=%20peru%20since%3A"2020-05-31"
https://twitter.com/i/search/timeline?vertical=default&src=unkn&include_available_features=1&include_entities=1&max_position=thGAVUV0VFVBaCgKO1vLj8lSMWhoC10fPA_ZUjEjUAFQAlAFUAFQAA&reset_error_state=false&f=tweets&q=%20peru%20since%3A"2020-05-31"
https://twitter.com/i/search/timeline?vertical=default&src=unkn&include_available_features=1&include_entities=1&max_position=thGAVUV0VFVBaCgLu1tqj8lSMWhoC10fPA_ZUjEjUAFQAlAFUAFQAA&reset_error_state=false&f=tweets&q=%20peru%20since%3A"2020-05-31"
https://twitter.com/i/search/timeline?vertical=default&src=unkn&include_available_features=1&include_entities=1&max_position=thGAVUV0VFVBaAwKvZ5p38lSMWhoC10fPA_ZUjEjUAFQAlAFUAFQAA&reset_error_state=false&f=tweets&q=%20peru%20since%3A"2020-05-31"
https://twitter.com/i/search/timeline?vertical=default&src=unkn&include_available_features=1&include_entities=1&max_position=thGAVUV0VFVBaAgLuNypH8lSMWhoC10fPA_ZUjEjUAFQAlAFUAFQAA&reset_error_state=false&f=tweets&q=%20peru%20since%3A"2020-05-31"
https://twitter.com/i/search/timeline?vertical=default&src=unkn&include_available_features=1&include_entities=1&max_position=thGAVUV0VFVBaOwL2RmYb8lSMWhoC10fPA_ZUjEjUAFQAlAFUAFQAA&reset_error_state=false&f=tweets&q=%20peru%20since%3A"2020-05-31"
https://twitter.com/i/search/timeline?vertical=default&src=unkn&include_available_features=1&include_entities=1&max_position=thGAVUV0VFVBaEgLWVhfn7lSMWhoC10fPA_ZUjEjUAFQAlAFUAFQAA&reset_error_state=false&f=tweets&q=%20peru%20since%3A"2020-05-31"
https://twitter.com/i/search/timeline?vertical=default&src=unkn&include_available_features=1&include_entities=1&max_position=thGAVUV0VFVBaAgLChkuv7lSMWhoC10fPA_ZUjEjUAFQAlAFUAFQAA&reset_error_state=false&f=tweets&q=%20peru%20since%3A"2020-05-31"
https://twitter.com/i/search/timeline?vertical=default&src=unkn&include_available_features=1&include_entities=1&max_position=thGAVUV0VFVBaCgLDtx977lSMWhoC10fPA_ZUjEjUAFQAlAFUAFQAA&reset_error_state=false&f=tweets&q=%20peru%20since%3A"2020-05-31"
https://twitter.com/i/search/timeline?vertical=default&src=unkn&include_available_features=1&include_entities=1&max_position=thGAVUV0VFVBaCgLvJ_877lSMWhoC10fPA_ZUjEjUAFQAlAFUAFQAA&reset_error_state=false&f=tweets&q=%20peru%20since%3A"2020-05-31"
https://twitter.com/i/search/timeline?vertical=default&src=unkn&include_available_features=1&include_entities=1&max_position=thGAVUV0VFVBaCwL2h-sP7lSMWhoC10fPA_ZUjEjUAFQAlAFUAFQAA&reset_error_state=false&f=tweets&q=%20peru%20since%3A"2020-05-31"
https://twitter.com/i/search/timeline?vertical=default&src=unkn&include_available_features=1&include_entities=1&max_position=thGAVUV0VFVBaAgLC5hrX7lSMWhoC10fPA_ZUjEjUAFQAlAFUAFQAA&reset_error_state=false&f=tweets&q=%20peru%20since%3A"2020-05-31"
https://twitter.com/i/search/timeline?vertical=default&src=unkn&include_available_features=1&include_entities=1&max_position=thGAVUV0VFVBaAgLypo6X7lSMWhoC10fPA_ZUjEjUAFQAlAFUAFQAA&reset_error_state=false&f=tweets&q=%20peru%20since%3A"2020-05-31"
https://twitter.com/i/search/timeline?vertical=default&src=unkn&include_available_features=1&include_entities=1&max_position=thGAVUV0VFVBaCwLWRiZX7lSMWhoC10fPA_ZUjEjUAFQAlAFUAFQAA&reset_error_state=false&f=tweets&q=%20peru%20since%3A"2020-05-31"
https://twitter.com/i/search/timeline?vertical=default&src=unkn&include_available_features=1&include_entities=1&max_position=thGAVUV0VFVBaEgLCR3ob7lSMWhoC10fPA_ZUjEjUAFQAlAFUAFQAA&reset_error_state=false&f=tweets&q=%20peru%20since%3A"2020-05-31"
https://twitter.com/i/search/timeline?vertical=default&src=unkn&include_available_features=1&include_entities=1&max_position=thGAVUV0VFVBaCwLTtt_v6lSMWhoC10fPA_ZUjEjUAFQAlAFUAFQAA&reset_error_state=false&f=tweets&q=%20peru%20since%3A"2020-05-31"
https://twitter.com/i/search/timeline?vertical=default&src=unkn&include_available_features=1&include_entities=1&max_position=thGAVUV0VFVBaEgLWZuvL6lSMWhoC10fPA_ZUjEjUAFQAlAFUAFQAA&reset_error_state=false&f=tweets&q=%20peru%20since%3A"2020-05-31"
https://twitter.com/i/search/timeline?vertical=default&src=unkn&include_available_features=1&include_entities=1&max_position=thGAVUV0VFVBaAwL29gOf6lSMWhoC10fPA_ZUjEjUAFQAlAFUAFQAA&reset_error_state=false&f=tweets&q=%20peru%20since%3A"2020-05-31"
https://twitter.com/i/search/timeline?vertical=default&src=unkn&include_available_features=1&include_entities=1&max_position=thGAVUV0VFVBaAwLSJmtb6lSMWhoC10fPA_ZUjEjUAFQAlAFUAFQAA&reset_error_state=false&f=tweets&q=%20peru%20since%3A"2020-05-31"
https://twitter.com/i/search/timeline?vertical=default&src=unkn&include_available_features=1&include_entities=1&max_position=thGAVUV0VFVBaGwLytucr6lSMWhoC10fPA_ZUjEjUAFQAlAFUAFQAA&reset_error_state=false&f=tweets&q=%20peru%20since%3A"2020-05-31"
https://twitter.com/i/search/timeline?vertical=default&src=unkn&include_available_features=1&include_entities=1&max_position=thGAVUV0VFVBaMgLWt1br6lSMWhoC10fPA_ZUjEjUAFQAlAFUAFQAA&reset_error_state=false&f=tweets&q=%20peru%20since%3A"2020-05-31"
https://twitter.com/i/search/timeline?vertical=default&src=unkn&include_available_features=1&include_entities=1&max_position=thGAVUV0VFVBaCgLvdza_6lSMWhoC10fPA_ZUjEjUAFQAlAFUAFQAA&reset_error_state=false&f=tweets&q=%20peru%20since%3A"2020-05-31"
https://twitter.com/i/search/timeline?vertical=default&src=unkn&include_available_features=1&include_entities=1&max_position=thGAVUV0VFVBaIwLT5oKX6lSMWhoC10fPA_ZUjEjUAFQAlAFUAFQAA&reset_error_state=false&f=tweets&q=%20peru%20since%3A"2020-05-31"
https://twitter.com/i/search/timeline?vertical=default&src=unkn&include_available_features=1&include_entities=1&max_position=thGAVUV0VFVBaAwLShtZn6lSMWhoC10fPA_ZUjEjUAFQAlAFUAFQAA&reset_error_state=false&f=tweets&q=%20peru%20since%3A"2020-05-31"
https://twitter.com/i/search/timeline?vertical=default&src=unkn&include_available_features=1&include_entities=1&max_position=thGAVUV0VFVBaCgLX1tZD6lSMWhoC10fPA_ZUjEjUAFQAlAFUAFQAA&reset_error_state=false&f=tweets&q=%20peru%20since%3A"2020-05-31"
https://twitter.com/i/search/timeline?vertical=default&src=unkn&include_available_features=1&include_entities=1&max_position=thGAVUV0VFVBaUwLXRrIL6lSMWhoC10fPA_ZUjEjUAFQAlAFUAFQAA&reset_error_state=false&f=tweets&q=%20peru%20since%3A"2020-05-31"
https://twitter.com/i/search/timeline?vertical=default&src=unkn&include_available_features=1&include_entities=1&max_position=thGAVUV0VFVBaAgLXpr-_5lSMWhoC10fPA_ZUjEjUAFQAlAFUAFQAA&reset_error_state=false&f=tweets&q=%20peru%20since%3A"2020-05-31"
https://twitter.com/i/search/timeline?vertical=default&src=unkn&include_available_features=1&include_entities=1&max_position=thGAVUV0VFVBaAgLWd3uL5lSMWhoC10fPA_ZUjEjUAFQAlAFUAFQAA&reset_error_state=false&f=tweets&q=%20peru%20since%3A"2020-05-31"
https://twitter.com/i/search/timeline?vertical=default&src=unkn&include_available_features=1&include_entities=1&max_position=thGAVUV0VFVBaAgLWhhdX5lSMWhoC10fPA_ZUjEjUAFQAlAFUAFQAA&reset_error_state=false&f=tweets&q=%20peru%20since%3A"2020-05-31"
https://twitter.com/i/search/timeline?vertical=default&src=unkn&include_available_features=1&include_entities=1&max_position=thGAVUV0VFVBaEgLX13cT5lSMWhoC10fPA_ZUjEjUAFQAlAFUAFQAA&reset_error_state=false&f=tweets&q=%20peru%20since%3A"2020-05-31"
https://twitter.com/i/search/timeline?vertical=default&src=unkn&include_available_features=1&include_entities=1&max_position=thGAVUV0VFVBaCgLXZrbf5lSMWhoC10fPA_ZUjEjUAFQAlAFUAFQAA&reset_error_state=false&f=tweets&q=%20peru%20since%3A"2020-05-31"
https://twitter.com/i/search/timeline?vertical=default&src=unkn&include_available_features=1&include_entities=1&max_position=thGAVUV0VFVBaAgKjdp6v5lSMWhoC10fPA_ZUjEjUAFQAlAFUAFQAA&reset_error_state=false&f=tweets&q=%20peru%20since%3A"2020-05-31"
https://twitter.com/i/search/timeline?vertical=default&src=unkn&include_available_features=1&include_entities=1&max_position=thGAVUV0VFVBaAgLDNgJ35lSMWhoC10fPA_ZUjEjUAFQAlAFUAFQAA&reset_error_state=false&f=tweets&q=%20peru%20since%3A"2020-05-31"
https://twitter.com/i/search/timeline?vertical=default&src=unkn&include_available_features=1&include_entities=1&max_position=thGAVUV0VFVBaMgLW12Y35lSMWhoC10fPA_ZUjEjUAFQAlAFUAFQAA&reset_error_state=false&f=tweets&q=%20peru%20since%3A"2020-05-31"
https://twitter.com/i/search/timeline?vertical=default&src=unkn&include_available_features=1&include_entities=1&max_position=thGAVUV0VFVBaAgLDVx4D5lSMWhoC10fPA_ZUjEjUAFQAlAFUAFQAA&reset_error_state=false&f=tweets&q=%20peru%20since%3A"2020-05-31"
https://twitter.com/i/search/timeline?vertical=default&src=unkn&include_available_features=1&include_entities=1&max_position=thGAVUV0VFVBaAwL758vb4lSMWhoC10fPA_ZUjEjUAFQAlAFUAFQAA&reset_error_state=false&f=tweets&q=%20peru%20since%3A"2020-05-31"
https://twitter.com/i/search/timeline?vertical=default&src=unkn&include_available_features=1&include_entities=1&max_position=thGAVUV0VFVBaAwLTlwej4lSMWhoC10fPA_ZUjEjUAFQAlAFUAFQAA&reset_error_state=false&f=tweets&q=%20peru%20since%3A"2020-05-31"
https://twitter.com/i/search/timeline?vertical=default&src=unkn&include_available_features=1&include_entities=1&max_position=thGAVUV0VFVBaGwL29-tb4lSMWhoC10fPA_ZUjEjUAFQAlAFUAFQAA&reset_error_state=false&f=tweets&q=%20peru%20since%3A"2020-05-31"
https://twitter.com/i/search/timeline?vertical=default&src=unkn&include_available_features=1&include_entities=1&max_position=thGAVUV0VFVBaAgLuB9Mz4lSMWhoC10fPA_ZUjEjUAFQAlAFUAFQAA&reset_error_state=false&f=tweets&q=%20peru%20since%3A"2020-05-31"
https://twitter.com/i/search/timeline?vertical=default&src=unkn&include_available_features=1&include_entities=1&max_position=thGAVUV0VFVBaAgLrt3L74lSMWhoC10fPA_ZUjEjUAFQAlAFUAFQAA&reset_error_state=false&f=tweets&q=%20peru%20since%3A"2020-05-31"
https://twitter.com/i/search/timeline?vertical=default&src=unkn&include_available_features=1&include_entities=1&max_position=-1&reset_error_state=false&f=tweets&q=%20peru%20since%3A"2020-05-31"
https://twitter.com/i/search/timeline?vertical=default&src=unkn&include_available_features=1&include_entities=1&max_position=thGAVUV0VFVBaAwKepi5v-lSMWgsC9ueSo_pUjEjUAFQAlAFUAFQAA&reset_error_state=false&f=tweets&q=%20peru%20since%3A"2020-05-31"
https://twitter.com/i/search/timeline?vertical=default&src=unkn&include_available_features=1&include_entities=1&max_position=thGAVUV0VFVBaGgLrNoYz-lSMWgsC9ueSo_pUjEjUAFQAlAFUAFQAA&reset_error_state=false&f=tweets&q=%20peru%20since%3A"2020-05-31"
https://twitter.com/i/search/timeline?vertical=default&src=unkn&include_available_features=1&include_entities=1&max_position=thGAVUV0VFVBaCwLWpsPz9lSMWgsC9ueSo_pUjEjUAFQAlAFUAFQAA&reset_error_state=false&f=tweets&q=%20peru%20since%3A"2020-05-31"
https://twitter.com/i/search/timeline?vertical=default&src=unkn&include_available_features=1&include_entities=1&max_position=thGAVUV0VFVBaAwLTVxe79lSMWgsC9ueSo_pUjEjUAFQAlAFUAFQAA&reset_error_state=false&f=tweets&q=%20peru%20since%3A"2020-05-31"
https://twitter.com/i/search/timeline?vertical=default&src=unkn&include_available_features=1&include_entities=1&max_position=thGAVUV0VFVBaCwLXF2-H9lSMWgsC9ueSo_pUjEjUAFQAlAFUAFQAA&reset_error_state=false&f=tweets&q=%20peru%20since%3A"2020-05-31"
https://twitter.com/i/search/timeline?vertical=default&src=unkn&include_available_features=1&include_entities=1&max_position=thGAVUV0VFVBaCwL2RiNb9lSMWgsC9ueSo_pUjEjUAFQAlAFUAFQAA&reset_error_state=false&f=tweets&q=%20peru%20since%3A"2020-05-31"
https://twitter.com/i/search/timeline?vertical=default&src=unkn&include_available_features=1&include_entities=1&max_position=thGAVUV0VFVBaAwLTd48n9lSMWgsC9ueSo_pUjEjUAFQAlAFUAFQAA&reset_error_state=false&f=tweets&q=%20peru%20since%3A"2020-05-31"
https://twitter.com/i/search/timeline?vertical=default&src=unkn&include_available_features=1&include_entities=1&max_position=thGAVUV0VFVBaGgLyR3cD9lSMWgsC9ueSo_pUjEjUAFQAlAFUAFQAA&reset_error_state=false&f=tweets&q=%20peru%20since%3A"2020-05-31"
https://twitter.com/i/search/timeline?vertical=default&src=unkn&include_available_features=1&include_entities=1&max_position=thGAVUV0VFVBaEgLuBl7H9lSMWgsC9ueSo_pUjEjUAFQAlAFUAFQAA&reset_error_state=false&f=tweets&q=%20peru%20since%3A"2020-05-31"
https://twitter.com/i/search/timeline?vertical=default&src=unkn&include_available_features=1&include_entities=1&max_position=thGAVUV0VFVBaAwKCxtaX9lSMWgsC9ueSo_pUjEjUAFQAlAFUAFQAA&reset_error_state=false&f=tweets&q=%20peru%20since%3A"2020-05-31"
https://twitter.com/i/search/timeline?vertical=default&src=unkn&include_available_features=1&include_entities=1&max_position=thGAVUV0VFVBaQgLyJu5r9lSMWgsC9ueSo_pUjEjUAFQAlAFUAFQAA&reset_error_state=false&f=tweets&q=%20peru%20since%3A"2020-05-31"
https://twitter.com/i/search/timeline?vertical=default&src=unkn&include_available_features=1&include_entities=1&max_position=thGAVUV0VFVBaCwL3x-479lSMWgsC9ueSo_pUjEjUAFQAlAFUAFQAA&reset_error_state=false&f=tweets&q=%20peru%20since%3A"2020-05-31"
https://twitter.com/i/search/timeline?vertical=default&src=unkn&include_available_features=1&include_entities=1&max_position=thGAVUV0VFVBaAwL7xgIL9lSMWgsC9ueSo_pUjEjUAFQAlAFUAFQAA&reset_error_state=false&f=tweets&q=%20peru%20since%3A"2020-05-31"
https://twitter.com/i/search/timeline?vertical=default&src=unkn&include_available_features=1&include_entities=1&max_position=thGAVUV0VFVBaAwLz5hPf8lSMWgsC9ueSo_pUjEjUAFQAlAFUAFQAA&reset_error_state=false&f=tweets&q=%20peru%20since%3A"2020-05-31"
https://twitter.com/i/search/timeline?vertical=default&src=unkn&include_available_features=1&include_entities=1&max_position=thGAVUV0VFVBaAgLzdk-38lSMWgsC9ueSo_pUjEjUAFQAlAFUAFQAA&reset_error_state=false&f=tweets&q=%20peru%20since%3A"2020-05-31"
https://twitter.com/i/search/timeline?vertical=default&src=unkn&include_available_features=1&include_entities=1&max_position=thGAVUV0VFVBaAgLzBv9z8lSMWgsC9ueSo_pUjEjUAFQAlAFUAFQAA&reset_error_state=false&f=tweets&q=%20peru%20since%3A"2020-05-31"
https://twitter.com/i/search/timeline?vertical=default&src=unkn&include_available_features=1&include_entities=1&max_position=thGAVUV0VFVBaCgLXBu8_8lSMWgsC9ueSo_pUjEjUAFQAlAFUAFQAA&reset_error_state=false&f=tweets&q=%20peru%20since%3A"2020-05-31"
https://twitter.com/i/search/timeline?vertical=default&src=unkn&include_available_features=1&include_entities=1&max_position=thGAVUV0VFVBaCwLTx5sT8lSMWgsC9ueSo_pUjEjUAFQAlAFUAFQAA&reset_error_state=false&f=tweets&q=%20peru%20since%3A"2020-05-31"
https://twitter.com/i/search/timeline?vertical=default&src=unkn&include_available_features=1&include_entities=1&max_position=thGAVUV0VFVBaAwLTx6Lb8lSMWgsC9ueSo_pUjEjUAFQAlAFUAFQAA&reset_error_state=false&f=tweets&q=%20peru%20since%3A"2020-05-31"
https://twitter.com/i/search/timeline?vertical=default&src=unkn&include_available_features=1&include_entities=1&max_position=thGAVUV0VFVBaAgLuV3Kf8lSMWgsC9ueSo_pUjEjUAFQAlAFUAFQAA&reset_error_state=false&f=tweets&q=%20peru%20since%3A"2020-05-31"
https://twitter.com/i/search/timeline?vertical=default&src=unkn&include_available_features=1&include_entities=1&max_position=thGAVUV0VFVBaAgLqx_Jv8lSMWgsC9ueSo_pUjEjUAFQAlAFUAFQAA&reset_error_state=false&f=tweets&q=%20peru%20since%3A"2020-05-31"
https://twitter.com/i/search/timeline?vertical=default&src=unkn&include_available_features=1&include_entities=1&max_position=thGAVUV0VFVBaCgLv98I_8lSMWgsC9ueSo_pUjEjUAFQAlAFUAFQAA&reset_error_state=false&f=tweets&q=%20peru%20since%3A"2020-05-31"
https://twitter.com/i/search/timeline?vertical=default&src=unkn&include_available_features=1&include_entities=1&max_position=thGAVUV0VFVBaEwLypzIT8lSMWgsC9ueSo_pUjEjUAFQAlAFUAFQAA&reset_error_state=false&f=tweets&q=%20peru%20since%3A"2020-05-31"
https://twitter.com/i/search/timeline?vertical=default&src=unkn&include_available_features=1&include_entities=1&max_position=thGAVUV0VFVBaCgLyh4_b7lSMWgsC9ueSo_pUjEjUAFQAlAFUAFQAA&reset_error_state=false&f=tweets&q=%20peru%20since%3A"2020-05-31"
https://twitter.com/i/search/timeline?vertical=default&src=unkn&include_available_features=1&include_entities=1&max_position=thGAVUV0VFVBaAwLWZhOn7lSMWgsC9ueSo_pUjEjUAFQAlAFUAFQAA&reset_error_state=false&f=tweets&q=%20peru%20since%3A"2020-05-31"
https://twitter.com/i/search/timeline?vertical=default&src=unkn&include_available_features=1&include_entities=1&max_position=thGAVUV0VFVBaIgLvd4tv7lSMWgsC9ueSo_pUjEjUAFQAlAFUAFQAA&reset_error_state=false&f=tweets&q=%20peru%20since%3A"2020-05-31"
https://twitter.com/i/search/timeline?vertical=default&src=unkn&include_available_features=1&include_entities=1&max_position=thGAVUV0VFVBaCgKih-c37lSMWgsC9ueSo_pUjEjUAFQAlAFUAFQAA&reset_error_state=false&f=tweets&q=%20peru%20since%3A"2020-05-31"
https://twitter.com/i/search/timeline?vertical=default&src=unkn&include_available_features=1&include_entities=1&max_position=thGAVUV0VFVBaAwLT18sD7lSMWgsC9ueSo_pUjEjUAFQAlAFUAFQAA&reset_error_state=false&f=tweets&q=%20peru%20since%3A"2020-05-31"
https://twitter.com/i/search/timeline?vertical=default&src=unkn&include_available_features=1&include_entities=1&max_position=thGAVUV0VFVBaCwL7BzbP7lSMWgsC9ueSo_pUjEjUAFQAlAFUAFQAA&reset_error_state=false&f=tweets&q=%20peru%20since%3A"2020-05-31"
https://twitter.com/i/search/timeline?vertical=default&src=unkn&include_available_features=1&include_entities=1&max_position=thGAVUV0VFVBaCgLrNhaT7lSMWgsC9ueSo_pUjEjUAFQAlAFUAFQAA&reset_error_state=false&f=tweets&q=%20peru%20since%3A"2020-05-31"
https://twitter.com/i/search/timeline?vertical=default&src=unkn&include_available_features=1&include_entities=1&max_position=thGAVUV0VFVBaKwL7RjZT7lSMWgsC9ueSo_pUjEjUAFQAlAFUAFQAA&reset_error_state=false&f=tweets&q=%20peru%20since%3A"2020-05-31"
https://twitter.com/i/search/timeline?vertical=default&src=unkn&include_available_features=1&include_entities=1&max_position=thGAVUV0VFVBaGgLCl3IX7lSMWgsC9ueSo_pUjEjUAFQAlAFUAFQAA&reset_error_state=false&f=tweets&q=%20peru%20since%3A"2020-05-31"
https://twitter.com/i/search/timeline?vertical=default&src=unkn&include_available_features=1&include_entities=1&max_position=thGAVUV0VFVBaEgLWBw_r6lSMWgsC9ueSo_pUjEjUAFQAlAFUAFQAA&reset_error_state=false&f=tweets&q=%20peru%20since%3A"2020-05-31"
https://twitter.com/i/search/timeline?vertical=default&src=unkn&include_available_features=1&include_entities=1&max_position=thGAVUV0VFVBaGwL6FvvH6lSMWgsC9ueSo_pUjEjUAFQAlAFUAFQAA&reset_error_state=false&f=tweets&q=%20peru%20since%3A"2020-05-31"
https://twitter.com/i/search/timeline?vertical=default&src=unkn&include_available_features=1&include_entities=1&max_position=thGAVUV0VFVBaCgLvFteT6lSMWgsC9ueSo_pUjEjUAFQAlAFUAFQAA&reset_error_state=false&f=tweets&q=%20peru%20since%3A"2020-05-31"
https://twitter.com/i/search/timeline?vertical=default&src=unkn&include_available_features=1&include_entities=1&max_position=thGAVUV0VFVBaAgLuho9X6lSMWgsC9ueSo_pUjEjUAFQAlAFUAFQAA&reset_error_state=false&f=tweets&q=%20peru%20since%3A"2020-05-31"
https://twitter.com/i/search/timeline?vertical=default&src=unkn&include_available_features=1&include_entities=1&max_position=thGAVUV0VFVBaAwL3128j6lSMWgsC9ueSo_pUjEjUAFQAlAFUAFQAA&reset_error_state=false&f=tweets&q=%20peru%20since%3A"2020-05-31"
https://twitter.com/i/search/timeline?vertical=default&src=unkn&include_available_features=1&include_entities=1&max_position=thGAVUV0VFVBaSwL65nrj6lSMWgsC9ueSo_pUjEjUAFQAlAFUAFQAA&reset_error_state=false&f=tweets&q=%20peru%20since%3A"2020-05-31"
https://twitter.com/i/search/timeline?vertical=default&src=unkn&include_available_features=1&include_entities=1&max_position=thGAVUV0VFVBaAwLTp2a36lSMWgsC9ueSo_pUjEjUAFQAlAFUAFQAA&reset_error_state=false&f=tweets&q=%20peru%20since%3A"2020-05-31"
https://twitter.com/i/search/timeline?vertical=default&src=unkn&include_available_features=1&include_entities=1&max_position=thGAVUV0VFVBaAwKeB9KD6lSMWgsC9ueSo_pUjEjUAFQAlAFUAFQAA&reset_error_state=false&f=tweets&q=%20peru%20since%3A"2020-05-31"
https://twitter.com/i/search/timeline?vertical=default&src=unkn&include_available_features=1&include_entities=1&max_position=thGAVUV0VFVBaEwLSptZj6lSMWgsC9ueSo_pUjEjUAFQAlAFUAFQAA&reset_error_state=false&f=tweets&q=%20peru%20since%3A"2020-05-31"
https://twitter.com/i/search/timeline?vertical=default&src=unkn&include_available_features=1&include_entities=1&max_position=thGAVUV0VFVBaAwL2NmY76lSMWgsC9ueSo_pUjEjUAFQAlAFUAFQAA&reset_error_state=false&f=tweets&q=%20peru%20since%3A"2020-05-31"
https://twitter.com/i/search/timeline?vertical=default&src=unkn&include_available_features=1&include_entities=1&max_position=thGAVUV0VFVBaMwL6F2v75lSMWgsC9ueSo_pUjEjUAFQAlAFUAFQAA&reset_error_state=false&f=tweets&q=%20peru%20since%3A"2020-05-31"
https://twitter.com/i/search/timeline?vertical=default&src=unkn&include_available_features=1&include_entities=1&max_position=thGAVUV0VFVBaGgLC55e35lSMWgsC9ueSo_pUjEjUAFQAlAFUAFQAA&reset_error_state=false&f=tweets&q=%20peru%20since%3A"2020-05-31"
https://twitter.com/i/search/timeline?vertical=default&src=unkn&include_available_features=1&include_entities=1&max_position=thGAVUV0VFVBaAgLWl5N75lSMWgsC9ueSo_pUjEjUAFQAlAFUAFQAA&reset_error_state=false&f=tweets&q=%20peru%20since%3A"2020-05-31"
https://twitter.com/i/search/timeline?vertical=default&src=unkn&include_available_features=1&include_entities=1&max_position=thGAVUV0VFVBaAwLzB1NL5lSMWgsC9ueSo_pUjEjUAFQAlAFUAFQAA&reset_error_state=false&f=tweets&q=%20peru%20since%3A"2020-05-31"
https://twitter.com/i/search/timeline?vertical=default&src=unkn&include_available_features=1&include_entities=1&max_position=thGAVUV0VFVBaCgLzdn7_5lSMWgsC9ueSo_pUjEjUAFQAlAFUAFQAA&reset_error_state=false&f=tweets&q=%20peru%20since%3A"2020-05-31"
https://twitter.com/i/search/timeline?vertical=default&src=unkn&include_available_features=1&include_entities=1&max_position=thGAVUV0VFVBaCgLvVibX5lSMWgsC9ueSo_pUjEjUAFQAlAFUAFQAA&reset_error_state=false&f=tweets&q=%20peru%20since%3A"2020-05-31"
https://twitter.com/i/search/timeline?vertical=default&src=unkn&include_available_features=1&include_entities=1&max_position=thGAVUV0VFVBaCwL2Roaf5lSMWgsC9ueSo_pUjEjUAFQAlAFUAFQAA&reset_error_state=false&f=tweets&q=%20peru%20since%3A"2020-05-31"
